<?xml version="1.0" encoding="UTF-8"?>
<testsuite name="orlian.nasa.neo.NeoServiceTest" tests="1" skipped="0" failures="0" errors="0" timestamp="2020-04-29T00:04:04" hostname="DESKTOP-L1VMM4Q" time="1.206">
  <properties/>
  <testcase name="getAsteroids" classname="orlian.nasa.neo.NeoServiceTest" time="1.206"/>
  <system-out><![CDATA[]]></system-out>
  <system-err><![CDATA[]]></system-err>
</testsuite>
