<?xml version="1.0" encoding="UTF-8"?>
<testsuite name="orlian.nasa.neo.NeoFrameTest" tests="1" skipped="0" failures="0" errors="0" timestamp="2020-05-19T23:02:17" hostname="DESKTOP-L1VMM4Q" time="1.857">
  <properties/>
  <testcase name="requestData" classname="orlian.nasa.neo.NeoFrameTest" time="1.857"/>
  <system-out><![CDATA[]]></system-out>
  <system-err><![CDATA[]]></system-err>
</testsuite>
