<?xml version="1.0" encoding="UTF-8"?>
<testsuite name="orlian.nasa.neo.NeoControllerTest" tests="1" skipped="0" failures="0" errors="0" timestamp="2020-05-13T00:13:36" hostname="DESKTOP-L1VMM4Q" time="2.1">
  <properties/>
  <testcase name="onResponse" classname="orlian.nasa.neo.NeoControllerTest" time="2.1"/>
  <system-out><![CDATA[]]></system-out>
  <system-err><![CDATA[]]></system-err>
</testsuite>
